<?xml version="1.0" encoding="UTF-8"?>
<!-- Generated by org.testng.reporters.JUnitReportReporter -->
<testsuite hostname="QTX-LTP-3088" failures="0" tests="3" name="com.epicLoginTest.EpicValidLoginTest" time="48.079" errors="0" timestamp="2022-11-17T17:21:15 IST" skipped="0">
  <testcase classname="com.epicLoginTest.EpicValidLoginTest" name="Login_Valid_Test" time="16.352"/>
  <system-out/>
  <testcase classname="com.epicLoginTest.EpicValidLoginTest" name="Login_Valid_Test" time="14.835"/>
  <system-out/>
  <testcase classname="com.epicLoginTest.EpicValidLoginTest" name="Login_Valid_Test" time="16.892"/>
  <system-out/>
</testsuite> <!-- com.epicLoginTest.EpicValidLoginTest -->
