<?xml version="1.0" encoding="UTF-8"?>
<!-- Generated by org.testng.reporters.JUnitReportReporter -->
<testsuite hostname="QTX-LTP-3088" failures="0" tests="7" name="com.epicLoginTest.EpicInvalidLoginTest" time="12.964" errors="0" timestamp="2022-11-07T13:42:10 IST" skipped="0">
  <testcase classname="com.epicLoginTest.EpicInvalidLoginTest" name="Login_InValid_Test" time="0.853"/>
  <system-out/>
  <testcase classname="com.epicLoginTest.EpicInvalidLoginTest" name="Login_InValid_Test" time="0.870"/>
  <system-out/>
  <testcase classname="com.epicLoginTest.EpicInvalidLoginTest" name="Login_InValid_Test" time="0.773"/>
  <system-out/>
  <testcase classname="com.epicLoginTest.EpicInvalidLoginTest" name="Login_InValid_Test" time="8.766"/>
  <system-out/>
  <testcase classname="com.epicLoginTest.EpicInvalidLoginTest" name="Login_InValid_Test" time="0.601"/>
  <system-out/>
  <testcase classname="com.epicLoginTest.EpicInvalidLoginTest" name="Login_InValid_Test" time="0.537"/>
  <system-out/>
  <testcase classname="com.epicLoginTest.EpicInvalidLoginTest" name="Login_InValid_Test" time="0.564"/>
  <system-out/>
</testsuite> <!-- com.epicLoginTest.EpicInvalidLoginTest -->
